<?xml version="1.0" encoding="UTF-8"?>
<!-- Generated by org.testng.reporters.JUnitReportReporter -->
<testsuite skipped="0" hostname="UX330UAK" name="Test_1_emptyList" tests="24" failures="0" timestamp="19 Oct 2019 20:09:30 GMT" time="0.061" errors="0">
  <testcase name="testAdd_invalidIndex" time="0.007" classname="Test_1_emptyList"/>
  <testcase name="testToString" time="0.000" classname="Test_1_emptyList"/>
  <testcase name="testIndexOf_invalidElement" time="0.000" classname="Test_1_emptyList"/>
  <testcase name="testRemove_invalidIndex" time="0.000" classname="Test_1_emptyList"/>
  <testcase name="testAddToRear" time="0.001" classname="Test_1_emptyList"/>
  <testcase name="testContains_invalidElement" time="0.004" classname="Test_1_emptyList"/>
  <testcase name="testRemove_invalidElement" time="0.000" classname="Test_1_emptyList"/>
  <testcase name="testRemoveLast" time="0.001" classname="Test_1_emptyList"/>
  <testcase name="testAddToFront" time="0.000" classname="Test_1_emptyList"/>
  <testcase name="testSize" time="0.000" classname="Test_1_emptyList"/>
  <testcase name="testFirst" time="0.000" classname="Test_1_emptyList"/>
  <testcase name="testRemoveFirst" time="0.009" classname="Test_1_emptyList"/>
  <testcase name="testAdd_validIndex" time="0.000" classname="Test_1_emptyList"/>
  <testcase name="testListIterator_validIndex" time="0.001" classname="Test_1_emptyList"/>
  <testcase name="testListIterator_invalidIndex" time="0.001" classname="Test_1_emptyList"/>
  <testcase name="testListIterator" time="0.005" classname="Test_1_emptyList"/>
  <testcase name="testAddAfter_invalidElement" time="0.011" classname="Test_1_emptyList"/>
  <testcase name="testIterator" time="0.001" classname="Test_1_emptyList"/>
  <testcase name="testAdd_invalidIndex" time="0.000" classname="Test_1_emptyList"/>
  <testcase name="testAdd" time="0.014" classname="Test_1_emptyList"/>
  <testcase name="testGet" time="0.000" classname="Test_1_emptyList"/>
  <testcase name="testIsEmpty" time="0.001" classname="Test_1_emptyList"/>
  <testcase name="testLast" time="0.001" classname="Test_1_emptyList"/>
  <testcase name="testSet" time="0.004" classname="Test_1_emptyList"/>
</testsuite> <!-- Test_1_emptyList -->
