<?xml version="1.0" encoding="UTF-8"?>
<!-- Generated by org.testng.reporters.JUnitReportReporter -->
<testsuite skipped="0" hostname="UX330UAK" name="Test_5_add0A_A" tests="36" failures="0" timestamp="19 Oct 2019 20:09:30 GMT" time="0.033" errors="0">
  <testcase name="testIndexOf" time="0.000" classname="Test_5_add0A_A"/>
  <testcase name="testAdd_invalidIndex" time="0.000" classname="Test_5_add0A_A"/>
  <testcase name="testAddAfter_validElement" time="0.000" classname="Test_5_add0A_A"/>
  <testcase name="testAdd_validIndex" time="0.000" classname="Test_5_add0A_A"/>
  <testcase name="testContains_validElement" time="0.000" classname="Test_5_add0A_A"/>
  <testcase name="testRemove_invalidElement" time="0.000" classname="Test_5_add0A_A"/>
  <testcase name="testListIterator_invalidIndex" time="0.001" classname="Test_5_add0A_A"/>
  <testcase name="testAdd" time="0.000" classname="Test_5_add0A_A"/>
  <testcase name="testSet_validIndex" time="0.000" classname="Test_5_add0A_A"/>
  <testcase name="testIsEmpty" time="0.000" classname="Test_5_add0A_A"/>
  <testcase name="testRemove_invalidIndex" time="0.000" classname="Test_5_add0A_A"/>
  <testcase name="testAddToFront" time="0.000" classname="Test_5_add0A_A"/>
  <testcase name="testGet_invalidIndex" time="0.000" classname="Test_5_add0A_A"/>
  <testcase name="testIndexOf" time="0.000" classname="Test_5_add0A_A"/>
  <testcase name="testListIterator_validIndex" time="0.000" classname="Test_5_add0A_A"/>
  <testcase name="testRemoveLast" time="0.000" classname="Test_5_add0A_A"/>
  <testcase name="testSize" time="0.000" classname="Test_5_add0A_A"/>
  <testcase name="testSet_invalidIndex" time="0.000" classname="Test_5_add0A_A"/>
  <testcase name="testListIterator_invalidIndex" time="0.000" classname="Test_5_add0A_A"/>
  <testcase name="testListIterator" time="0.000" classname="Test_5_add0A_A"/>
  <testcase name="testIterator" time="0.000" classname="Test_5_add0A_A"/>
  <testcase name="testListIterator_validIndex" time="0.000" classname="Test_5_add0A_A"/>
  <testcase name="testGet_invalidIndex" time="0.016" classname="Test_5_add0A_A"/>
  <testcase name="testContains_invalidElement" time="0.000" classname="Test_5_add0A_A"/>
  <testcase name="testAdd_validIndex" time="0.000" classname="Test_5_add0A_A"/>
  <testcase name="testFirst" time="0.000" classname="Test_5_add0A_A"/>
  <testcase name="testRemoveFirst" time="0.000" classname="Test_5_add0A_A"/>
  <testcase name="testSet_invalidIndex" time="0.000" classname="Test_5_add0A_A"/>
  <testcase name="testGet_validIndex" time="0.000" classname="Test_5_add0A_A"/>
  <testcase name="testLast" time="0.000" classname="Test_5_add0A_A"/>
  <testcase name="testRemove_invalidIndex" time="0.016" classname="Test_5_add0A_A"/>
  <testcase name="testAdd_invalidIndex" time="0.000" classname="Test_5_add0A_A"/>
  <testcase name="testRemove_validIndex" time="0.000" classname="Test_5_add0A_A"/>
  <testcase name="testAddToRear" time="0.000" classname="Test_5_add0A_A"/>
  <testcase name="testAddAfter_invalidElement" time="0.000" classname="Test_5_add0A_A"/>
  <testcase name="testRemove_validElement" time="0.000" classname="Test_5_add0A_A"/>
</testsuite> <!-- Test_5_add0A_A -->
