<?xml version="1.0" encoding="UTF-8"?>
<!-- Generated by org.testng.reporters.JUnitReportReporter -->
<testsuite skipped="0" hostname="UX330UAK" name="Test_6_A_addToFrontB_BA" tests="45" failures="0" timestamp="19 Oct 2019 20:09:30 GMT" time="0.056" errors="0">
  <testcase name="testContains_validElement" time="0.001" classname="Test_6_A_addToFrontB_BA"/>
  <testcase name="testListIterator_validIndex" time="0.000" classname="Test_6_A_addToFrontB_BA"/>
  <testcase name="testRemove_invalidIndex" time="0.002" classname="Test_6_A_addToFrontB_BA"/>
  <testcase name="testSet_invalidIndex" time="0.001" classname="Test_6_A_addToFrontB_BA"/>
  <testcase name="testListIterator_validIndex" time="0.000" classname="Test_6_A_addToFrontB_BA"/>
  <testcase name="testSet_validIndex" time="0.000" classname="Test_6_A_addToFrontB_BA"/>
  <testcase name="testAdd" time="0.002" classname="Test_6_A_addToFrontB_BA"/>
  <testcase name="testSize" time="0.000" classname="Test_6_A_addToFrontB_BA"/>
  <testcase name="testListIterator_invalidIndex" time="0.000" classname="Test_6_A_addToFrontB_BA"/>
  <testcase name="testIndexOf_invalidElement" time="0.000" classname="Test_6_A_addToFrontB_BA"/>
  <testcase name="testFirst" time="0.001" classname="Test_6_A_addToFrontB_BA"/>
  <testcase name="testAddToFront" time="0.000" classname="Test_6_A_addToFrontB_BA"/>
  <testcase name="testRemove_invalidIndex" time="0.000" classname="Test_6_A_addToFrontB_BA"/>
  <testcase name="testAddAfter_validElement" time="0.000" classname="Test_6_A_addToFrontB_BA"/>
  <testcase name="testRemove_validElement" time="0.001" classname="Test_6_A_addToFrontB_BA"/>
  <testcase name="testContains_invalidElement" time="0.000" classname="Test_6_A_addToFrontB_BA"/>
  <testcase name="testListIterator_validIndex" time="0.002" classname="Test_6_A_addToFrontB_BA"/>
  <testcase name="testRemoveLast" time="0.000" classname="Test_6_A_addToFrontB_BA"/>
  <testcase name="testContains_validElement" time="0.001" classname="Test_6_A_addToFrontB_BA"/>
  <testcase name="testSet_invalidIndex" time="0.000" classname="Test_6_A_addToFrontB_BA"/>
  <testcase name="testLast" time="0.001" classname="Test_6_A_addToFrontB_BA"/>
  <testcase name="testListIterator_invalidIndex" time="0.000" classname="Test_6_A_addToFrontB_BA"/>
  <testcase name="testGet_validIndex" time="0.000" classname="Test_6_A_addToFrontB_BA"/>
  <testcase name="testGet_invalidIndex" time="0.005" classname="Test_6_A_addToFrontB_BA"/>
  <testcase name="testAddAfter_validElement" time="0.000" classname="Test_6_A_addToFrontB_BA"/>
  <testcase name="testAdd_validIndex" time="0.000" classname="Test_6_A_addToFrontB_BA"/>
  <testcase name="testRemove_validIndex" time="0.001" classname="Test_6_A_addToFrontB_BA"/>
  <testcase name="testListIterator" time="0.001" classname="Test_6_A_addToFrontB_BA"/>
  <testcase name="testGet_validIndex" time="0.000" classname="Test_6_A_addToFrontB_BA"/>
  <testcase name="testAddToRear" time="0.005" classname="Test_6_A_addToFrontB_BA"/>
  <testcase name="testRemove_validElement" time="0.000" classname="Test_6_A_addToFrontB_BA"/>
  <testcase name="testRemoveFirst" time="0.001" classname="Test_6_A_addToFrontB_BA"/>
  <testcase name="testIndexOf_validElement" time="0.001" classname="Test_6_A_addToFrontB_BA"/>
  <testcase name="testIndexOf_validElement" time="0.011" classname="Test_6_A_addToFrontB_BA"/>
  <testcase name="testRemove_invalidElement" time="0.000" classname="Test_6_A_addToFrontB_BA"/>
  <testcase name="testRemove_validIndex" time="0.015" classname="Test_6_A_addToFrontB_BA"/>
  <testcase name="testGet_invalidIndex" time="0.000" classname="Test_6_A_addToFrontB_BA"/>
  <testcase name="testAdd_validIndex" time="0.000" classname="Test_6_A_addToFrontB_BA"/>
  <testcase name="testAddAfter_invalidElement" time="0.000" classname="Test_6_A_addToFrontB_BA"/>
  <testcase name="testAdd_invalidIndex" time="0.002" classname="Test_6_A_addToFrontB_BA"/>
  <testcase name="testSet_validIndex" time="0.000" classname="Test_6_A_addToFrontB_BA"/>
  <testcase name="testAdd_validIndex" time="0.000" classname="Test_6_A_addToFrontB_BA"/>
  <testcase name="testAdd_invalidIndex" time="0.000" classname="Test_6_A_addToFrontB_BA"/>
  <testcase name="testIsEmpty" time="0.000" classname="Test_6_A_addToFrontB_BA"/>
  <testcase name="testIterator" time="0.002" classname="Test_6_A_addToFrontB_BA"/>
</testsuite> <!-- Test_6_A_addToFrontB_BA -->
